<?xml version="1.0" encoding="UTF-8"?>
<!-- Generated by org.testng.reporters.JUnitReportReporter -->
<testsuite hostname="LAPTOP-LDTPQ8CD" failures="0" tests="1" name="restBDD.PostRequestBDD" time="2.349" errors="0" timestamp="04 Jun 2022 05:02:52 GMT" skipped="0">
  <testcase classname="restBDD.PostRequestBDD" name="test1" time="2.349"/>
</testsuite> <!-- restBDD.PostRequestBDD -->
