<?xml version="1.0" encoding="UTF-8"?>
<!-- Generated by org.testng.reporters.JUnitReportReporter -->
<testsuite hostname="LAPTOP-LDTPQ8CD" failures="0" tests="1" name="restAPI.PostRequestwithJsonObject$PostRequest" time="1.541" errors="0" timestamp="28 May 2022 06:40:51 GMT" skipped="0">
  <testcase classname="restAPI.PostRequestwithJsonObject$PostRequest" name="test1" time="1.541"/>
</testsuite> <!-- restAPI.PostRequestwithJsonObject$PostRequest -->
