<?xml version="1.0" encoding="UTF-8"?>
<!-- Generated by org.testng.reporters.JUnitReportReporter -->
<testsuite hostname="LAPTOP-LDTPQ8CD" failures="0" tests="1" name="restBDD.GetRequestBDD" time="1.953" errors="0" timestamp="04 Jun 2022 04:44:37 GMT" skipped="0">
  <testcase classname="restBDD.GetRequestBDD" name="test3" time="1.953"/>
</testsuite> <!-- restBDD.GetRequestBDD -->
