<?xml version="1.0" encoding="UTF-8"?>
<!-- Generated by org.testng.reporters.JUnitReportReporter -->
<testsuite hostname="LAPTOP-LDTPQ8CD" failures="0" tests="1" name="restAPI.PostRequestwithFile" time="1.558" errors="0" timestamp="28 May 2022 07:15:19 GMT" skipped="0">
  <testcase classname="restAPI.PostRequestwithFile" name="test1" time="1.558"/>
</testsuite> <!-- restAPI.PostRequestwithFile -->
