<?xml version="1.0" encoding="UTF-8"?>
<!-- Generated by org.testng.reporters.JUnitReportReporter -->
<testsuite hostname="LAPTOP-LDTPQ8CD" failures="0" tests="1" name="restapiXML.XMLTest" time="2.666" errors="0" timestamp="04 Jun 2022 06:32:01 GMT" skipped="0">
  <testcase classname="restapiXML.XMLTest" name="test2" time="2.666"/>
</testsuite> <!-- restapiXML.XMLTest -->
