<?xml version="1.0" encoding="UTF-8"?>
<!-- Generated by org.testng.reporters.JUnitReportReporter -->
<testsuite hostname="LAPTOP-LDTPQ8CD" failures="0" tests="1" name="restAPI.PostRequestwithMap" time="0.063" errors="0" timestamp="29 May 2022 06:25:36 GMT" skipped="0">
  <testcase classname="restAPI.PostRequestwithMap" name="test1" time="0.063"/>
</testsuite> <!-- restAPI.PostRequestwithMap -->
