<?xml version="1.0" encoding="UTF-8"?>
<!-- Generated by org.testng.reporters.JUnitReportReporter -->
<testsuite hostname="LAPTOP-LDTPQ8CD" failures="0" tests="1" name="restBDD.PutRequestBDD" time="2.198" errors="0" timestamp="04 Jun 2022 05:11:07 GMT" skipped="0">
  <testcase classname="restBDD.PutRequestBDD" name="test1" time="2.198"/>
</testsuite> <!-- restBDD.PutRequestBDD -->
