<?xml version="1.0" encoding="UTF-8"?>
<!-- Generated by org.testng.reporters.JUnitReportReporter -->
<testsuite hostname="LAPTOP-LDTPQ8CD" failures="0" tests="1" name="restAPI.PostRequestwithMap" time="1.696" errors="0" timestamp="28 May 2022 06:53:20 GMT" skipped="0">
  <testcase classname="restAPI.PostRequestwithMap" name="test1" time="1.696"/>
</testsuite> <!-- restAPI.PostRequestwithMap -->
