<?xml version="1.0" encoding="UTF-8"?>
<!-- Generated by org.testng.reporters.JUnitReportReporter -->
<testsuite hostname="LAPTOP-LDTPQ8CD" failures="0" tests="1" name="restAPI.PostRequestwithFile" time="0.097" errors="0" timestamp="29 May 2022 06:25:36 GMT" skipped="0">
  <testcase classname="restAPI.PostRequestwithFile" name="test1" time="0.097"/>
</testsuite> <!-- restAPI.PostRequestwithFile -->
