<?xml version="1.0" encoding="UTF-8"?>
<!-- Generated by org.testng.reporters.JUnitReportReporter -->
<testsuite hostname="LAPTOP-LDTPQ8CD" failures="0" tests="1" name="restAPI.GetRequest" time="1.451" errors="0" timestamp="28 May 2022 05:17:45 GMT" skipped="0">
  <testcase classname="restAPI.GetRequest" name="test1" time="1.451"/>
</testsuite> <!-- restAPI.GetRequest -->
