<?xml version="1.0" encoding="UTF-8"?>
<!-- Generated by org.testng.reporters.JUnitReportReporter -->
<testsuite hostname="LAPTOP-LDTPQ8CD" failures="0" tests="1" name="restBDD.DeleteRequestBDD" time="1.957" errors="0" timestamp="04 Jun 2022 05:17:43 GMT" skipped="0">
  <testcase classname="restBDD.DeleteRequestBDD" name="test1" time="1.957"/>
</testsuite> <!-- restBDD.DeleteRequestBDD -->
