<?xml version="1.0" encoding="UTF-8"?>
<!-- Generated by org.testng.reporters.JUnitReportReporter -->
<testsuite hostname="LAPTOP-LDTPQ8CD" failures="0" tests="1" name="restAPI.GetRequestParams" time="1.490" errors="0" timestamp="28 May 2022 05:28:15 GMT" skipped="0">
  <testcase classname="restAPI.GetRequestParams" name="test1" time="1.490"/>
</testsuite> <!-- restAPI.GetRequestParams -->
