<?xml version="1.0" encoding="UTF-8"?>
<!-- Generated by org.testng.reporters.JUnitReportReporter -->
<testsuite hostname="LAPTOP-LDTPQ8CD" failures="0" tests="1" name="oAuthEmployee.OAuthEmployee" time="2.641" errors="0" timestamp="05 Jun 2022 07:07:02 GMT" skipped="0">
  <testcase classname="oAuthEmployee.OAuthEmployee" name="test1" time="2.641"/>
</testsuite> <!-- oAuthEmployee.OAuthEmployee -->
