<?xml version="1.0" encoding="UTF-8"?>
<!-- Generated by org.testng.reporters.JUnitReportReporter -->
<testsuite hostname="LAPTOP-LDTPQ8CD" failures="0" tests="2" name="github.EndtoEndTest" time="4.060" errors="0" timestamp="29 May 2022 07:24:25 GMT" skipped="0">
  <testcase classname="github.EndtoEndTest" name="test1" time="2.713"/>
  <testcase classname="github.EndtoEndTest" name="test2" time="1.347"/>
</testsuite> <!-- github.EndtoEndTest -->
