<?xml version="1.0" encoding="UTF-8"?>
<!-- Generated by org.testng.reporters.JUnitReportReporter -->
<testsuite hostname="LAPTOP-LDTPQ8CD" failures="0" tests="1" name="apichaining.EndtoEndTest" time="2.396" errors="0" timestamp="29 May 2022 06:36:12 GMT" skipped="0">
  <testcase classname="apichaining.EndtoEndTest" name="test1" time="2.396"/>
</testsuite> <!-- apichaining.EndtoEndTest -->
